20180113014916:
Array
(
    [id] => 955
    [stockKey] => 0617richardtest
    [value] => 180
    [warnValue] => 10
    [formatType] => F
    [formatTypeTitle] => 
)


20180113014916:
Array
(
    [id] => 956
    [stockKey] => test111
    [value] => 198
    [warnValue] => 10
    [formatType] => F
    [formatTypeTitle] => 
)


20180113014916:
Array
(
    [id] => 963
    [stockKey] => Richard0606test1
    [value] => 9
    [warnValue] => 5
    [formatType] => 黑
    [formatTypeTitle] => [{"title":"\u984f\u8272","content":"\u9ed1\/\u6df1\u5496\u5561\/\u6dfa\u5496\u5561","columnSize":"3"}]
)


20180113014934:
Array
(
    [id] => 955
    [stockKey] => 0617richardtest
    [value] => 179
    [warnValue] => 10
    [formatType] => F
    [formatTypeTitle] => 
)


20180113014934:
Array
(
    [id] => 956
    [stockKey] => test111
    [value] => 197
    [warnValue] => 10
    [formatType] => F
    [formatTypeTitle] => 
)


20180113014934:
Array
(
    [id] => 963
    [stockKey] => Richard0606test1
    [value] => 8
    [warnValue] => 5
    [formatType] => 黑
    [formatTypeTitle] => [{"title":"\u984f\u8272","content":"\u9ed1\/\u6df1\u5496\u5561\/\u6dfa\u5496\u5561","columnSize":"3"}]
)


20180113015019:
Array
(
    [id] => 955
    [stockKey] => 0617richardtest
    [value] => 178
    [warnValue] => 10
    [formatType] => F
    [formatTypeTitle] => 
)


20180113015019:
Array
(
    [id] => 956
    [stockKey] => test111
    [value] => 196
    [warnValue] => 10
    [formatType] => F
    [formatTypeTitle] => 
)


20180113015019:
Array
(
    [id] => 963
    [stockKey] => Richard0606test1
    [value] => 7
    [warnValue] => 5
    [formatType] => 黑
    [formatTypeTitle] => [{"title":"\u984f\u8272","content":"\u9ed1\/\u6df1\u5496\u5561\/\u6dfa\u5496\u5561","columnSize":"3"}]
)


20180113015249:
Array
(
    [id] => 955
    [stockKey] => 0617richardtest
    [value] => 177
    [warnValue] => 10
    [formatType] => F
    [formatTypeTitle] => 
)


20180113015249:
Array
(
    [id] => 956
    [stockKey] => test111
    [value] => 195
    [warnValue] => 10
    [formatType] => F
    [formatTypeTitle] => 
)


20180113015249:
Array
(
    [id] => 963
    [stockKey] => Richard0606test1
    [value] => 6
    [warnValue] => 5
    [formatType] => 黑
    [formatTypeTitle] => [{"title":"\u984f\u8272","content":"\u9ed1\/\u6df1\u5496\u5561\/\u6dfa\u5496\u5561","columnSize":"3"}]
)


20180113021007:
Array
(
    [id] => 909
    [stockKey] => CreamHorseOilOrange
    [value] => 497
    [warnValue] => 0
    [formatType] => F
    [formatTypeTitle] => 
)


20180113021054:
Array
(
    [id] => 909
    [stockKey] => CreamHorseOilOrange
    [value] => 496
    [warnValue] => 0
    [formatType] => F
    [formatTypeTitle] => 
)


20180113021143:
Array
(
    [id] => 909
    [stockKey] => CreamHorseOilOrange
    [value] => 495
    [warnValue] => 0
    [formatType] => F
    [formatTypeTitle] => 
)


20180113021218:
Array
(
    [id] => 909
    [stockKey] => CreamHorseOilOrange
    [value] => 494
    [warnValue] => 0
    [formatType] => F
    [formatTypeTitle] => 
)


20180504105617:
Array
(
    [id] => 960
    [stockKey] => CCsensewatercushion
    [value] => 477
    [warnValue] => 0
    [formatType] => F
    [formatTypeTitle] => 
)


20180504105723:
Array
(
    [id] => 950
    [stockKey] => ZeroPowdershinyCCwater1
    [value] => 283
    [warnValue] => 0
    [formatType] => F
    [formatTypeTitle] => 
)


20190527123553:
Array
(
    [id] => 972
    [stockKey] => eggshellfirming
    [value] => 495
    [warnValue] => 10
    [formatType] => F
    [formatTypeTitle] => 
)


20190527123553:
Array
(
    [id] => 960
    [stockKey] => CCsensewatercushion
    [value] => 476
    [warnValue] => 0
    [formatType] => F
    [formatTypeTitle] => 
)


20190527133305:
Array
(
    [id] => 972
    [stockKey] => eggshellfirming
    [value] => 494
    [warnValue] => 10
    [formatType] => F
    [formatTypeTitle] => 
)


20190527133305:
Array
(
    [id] => 960
    [stockKey] => CCsensewatercushion
    [value] => 475
    [warnValue] => 0
    [formatType] => F
    [formatTypeTitle] => 
)


